<?xml version="1.0" encoding="UTF-8"?>
<testsuite name="com.example.naengtulmaster.NaengtulMasterApplicationTests" tests="1" skipped="0" failures="0" errors="0" timestamp="2025-10-24T10:25:44.318Z" hostname="gimjaeyeon-ui-MacBookPro.local" time="0.592">
  <properties/>
  <testcase name="contextLoads()" classname="com.example.naengtulmaster.NaengtulMasterApplicationTests" time="0.592"/>
  <system-out><![CDATA[19:25:41.430 [Test worker] INFO org.springframework.test.context.support.AnnotationConfigContextLoaderUtils -- Could not detect default configuration classes for test class [com.example.naengtulmaster.NaengtulMasterApplicationTests]: NaengtulMasterApplicationTests does not declare any static, non-private, non-final, nested classes annotated with @Configuration.
19:25:41.535 [Test worker] INFO org.springframework.boot.test.context.SpringBootTestContextBootstrapper -- Found @SpringBootConfiguration com.example.naengtulmaster.NaengtulMasterApplication for test class com.example.naengtulmaster.NaengtulMasterApplicationTests

  .   ____          _            __ _ _
 /\\ / ___'_ __ _ _(_)_ __  __ _ \ \ \ \
( ( )\___ | '_ | '_| | '_ \/ _` | \ \ \ \
 \\/  ___)| |_)| | | | | || (_| |  ) ) ) )
  '  |____| .__|_| |_|_| |_\__, | / / / /
 =========|_|==============|___/=/_/_/_/

 :: Spring Boot ::                (v3.5.7)

2025-10-24T19:25:41.935+09:00  INFO 36657 --- [naengtul-master] [    Test worker] c.e.n.NaengtulMasterApplicationTests     : Starting NaengtulMasterApplicationTests using Java 17.0.10 with PID 36657 (started by kimjaeyeon in /Users/kimjaeyeon/naengtul/back)
2025-10-24T19:25:41.937+09:00  INFO 36657 --- [naengtul-master] [    Test worker] c.e.n.NaengtulMasterApplicationTests     : No active profile set, falling back to 1 default profile: "default"
2025-10-24T19:25:42.453+09:00  INFO 36657 --- [naengtul-master] [    Test worker] .s.d.r.c.RepositoryConfigurationDelegate : Bootstrapping Spring Data JPA repositories in DEFAULT mode.
2025-10-24T19:25:42.475+09:00  INFO 36657 --- [naengtul-master] [    Test worker] .s.d.r.c.RepositoryConfigurationDelegate : Finished Spring Data repository scanning in 12 ms. Found 0 JPA repository interfaces.
2025-10-24T19:25:42.818+09:00  INFO 36657 --- [naengtul-master] [    Test worker] o.hibernate.jpa.internal.util.LogHelper  : HHH000204: Processing PersistenceUnitInfo [name: default]
2025-10-24T19:25:42.866+09:00  INFO 36657 --- [naengtul-master] [    Test worker] org.hibernate.Version                    : HHH000412: Hibernate ORM core version 6.6.33.Final
2025-10-24T19:25:42.896+09:00  INFO 36657 --- [naengtul-master] [    Test worker] o.h.c.internal.RegionFactoryInitiator    : HHH000026: Second-level cache disabled
2025-10-24T19:25:43.154+09:00  INFO 36657 --- [naengtul-master] [    Test worker] o.s.o.j.p.SpringPersistenceUnitInfo      : No LoadTimeWeaver setup: ignoring JPA class transformer
2025-10-24T19:25:43.183+09:00  INFO 36657 --- [naengtul-master] [    Test worker] com.zaxxer.hikari.HikariDataSource       : HikariPool-1 - Starting...
2025-10-24T19:25:43.356+09:00  INFO 36657 --- [naengtul-master] [    Test worker] com.zaxxer.hikari.pool.HikariPool        : HikariPool-1 - Added connection com.mysql.cj.jdbc.ConnectionImpl@2ec0ca83
2025-10-24T19:25:43.358+09:00  INFO 36657 --- [naengtul-master] [    Test worker] com.zaxxer.hikari.HikariDataSource       : HikariPool-1 - Start completed.
2025-10-24T19:25:43.441+09:00  INFO 36657 --- [naengtul-master] [    Test worker] org.hibernate.orm.connections.pooling    : HHH10001005: Database info:
	Database JDBC URL [Connecting through datasource 'HikariDataSource (HikariPool-1)']
	Database driver: undefined/unknown
	Database version: 8.0.44
	Autocommit mode: undefined/unknown
	Isolation level: undefined/unknown
	Minimum pool size: undefined/unknown
	Maximum pool size: undefined/unknown
2025-10-24T19:25:43.743+09:00  INFO 36657 --- [naengtul-master] [    Test worker] o.h.e.t.j.p.i.JtaPlatformInitiator       : HHH000489: No JTA platform available (set 'hibernate.transaction.jta.platform' to enable JTA platform integration)
2025-10-24T19:25:43.747+09:00  INFO 36657 --- [naengtul-master] [    Test worker] j.LocalContainerEntityManagerFactoryBean : Initialized JPA EntityManagerFactory for persistence unit 'default'
2025-10-24T19:25:43.879+09:00  WARN 36657 --- [naengtul-master] [    Test worker] JpaBaseConfiguration$JpaWebConfiguration : spring.jpa.open-in-view is enabled by default. Therefore, database queries may be performed during view rendering. Explicitly configure spring.jpa.open-in-view to disable this warning
2025-10-24T19:25:44.302+09:00  INFO 36657 --- [naengtul-master] [    Test worker] c.e.n.NaengtulMasterApplicationTests     : Started NaengtulMasterApplicationTests in 2.617 seconds (process running for 3.621)
]]></system-out>
  <system-err><![CDATA[]]></system-err>
</testsuite>
